2024-07-19 23:59:31,262 - casbin.policy - INFO - model.py - print_model - 112 - Model:
2024-07-19 23:59:31,262 - casbin.policy - INFO - model.py - print_model - 115 - r.r: sub, dom, obj, act
2024-07-19 23:59:31,262 - casbin.policy - INFO - model.py - print_model - 115 - p.p: sub, dom, obj, act
2024-07-19 23:59:31,262 - casbin.policy - INFO - model.py - print_model - 115 - e.e: some(where (p_eft == allow))
2024-07-19 23:59:31,262 - casbin.policy - INFO - model.py - print_model - 115 - m.m: r_sub == p_sub && r_dom == p_dom && regexMatch(r_obj, p_obj) && r_act == p_act
2024-07-19 23:59:31,263 - casbin.policy - INFO - policy.py - print_policy - 72 - Policy:
2024-07-19 23:59:31,263 - casbin.policy - INFO - policy.py - print_policy - 78 - p : sub, dom, obj, act : []
2024-07-19 23:59:40,950 - casbin.policy - INFO - model.py - print_model - 112 - Model:
2024-07-19 23:59:40,950 - casbin.policy - INFO - model.py - print_model - 115 - r.r: sub, dom, obj, act
2024-07-19 23:59:40,950 - casbin.policy - INFO - model.py - print_model - 115 - p.p: sub, dom, obj, act
2024-07-19 23:59:40,950 - casbin.policy - INFO - model.py - print_model - 115 - e.e: some(where (p_eft == allow))
2024-07-19 23:59:40,950 - casbin.policy - INFO - model.py - print_model - 115 - m.m: r_sub == p_sub && r_dom == p_dom && regexMatch(r_obj, p_obj) && r_act == p_act
2024-07-19 23:59:40,951 - casbin.policy - INFO - policy.py - print_policy - 72 - Policy:
2024-07-19 23:59:40,951 - casbin.policy - INFO - policy.py - print_policy - 78 - p : sub, dom, obj, act : []
2024-07-20 00:00:47,823 - casbin.policy - INFO - model.py - print_model - 112 - Model:
2024-07-20 00:00:47,824 - casbin.policy - INFO - model.py - print_model - 115 - r.r: sub, dom, obj, act
2024-07-20 00:00:47,824 - casbin.policy - INFO - model.py - print_model - 115 - p.p: sub, dom, obj, act
2024-07-20 00:00:47,824 - casbin.policy - INFO - model.py - print_model - 115 - e.e: some(where (p_eft == allow))
2024-07-20 00:00:47,824 - casbin.policy - INFO - model.py - print_model - 115 - m.m: r_sub == p_sub && r_dom == p_dom && regexMatch(r_obj, p_obj) && r_act == p_act
2024-07-20 00:00:47,824 - casbin.policy - INFO - policy.py - print_policy - 72 - Policy:
2024-07-20 00:00:47,825 - casbin.policy - INFO - policy.py - print_policy - 78 - p : sub, dom, obj, act : []
2024-07-20 00:00:48,551 - casbin.policy - INFO - model.py - print_model - 112 - Model:
2024-07-20 00:00:48,551 - casbin.policy - INFO - model.py - print_model - 115 - r.r: sub, dom, obj, act
2024-07-20 00:00:48,551 - casbin.policy - INFO - model.py - print_model - 115 - p.p: sub, dom, obj, act
2024-07-20 00:00:48,551 - casbin.policy - INFO - model.py - print_model - 115 - e.e: some(where (p_eft == allow))
2024-07-20 00:00:48,551 - casbin.policy - INFO - model.py - print_model - 115 - m.m: r_sub == p_sub && r_dom == p_dom && regexMatch(r_obj, p_obj) && r_act == p_act
2024-07-20 00:00:48,552 - casbin.policy - INFO - policy.py - print_policy - 72 - Policy:
2024-07-20 00:00:48,552 - casbin.policy - INFO - policy.py - print_policy - 78 - p : sub, dom, obj, act : []
2024-07-20 00:03:31,900 - casbin.policy - INFO - model.py - print_model - 112 - Model:
2024-07-20 00:03:31,900 - casbin.policy - INFO - model.py - print_model - 115 - r.r: sub, dom, obj, act
2024-07-20 00:03:31,900 - casbin.policy - INFO - model.py - print_model - 115 - p.p: sub, dom, obj, act
2024-07-20 00:03:31,900 - casbin.policy - INFO - model.py - print_model - 115 - e.e: some(where (p_eft == allow))
2024-07-20 00:03:31,900 - casbin.policy - INFO - model.py - print_model - 115 - m.m: r_sub == p_sub && r_dom == p_dom && regexMatch(r_obj, p_obj) && r_act == p_act
2024-07-20 00:03:31,901 - casbin.policy - INFO - policy.py - print_policy - 72 - Policy:
2024-07-20 00:03:31,901 - casbin.policy - INFO - policy.py - print_policy - 78 - p : sub, dom, obj, act : []
2024-07-20 00:05:38,399 - casbin.policy - INFO - model.py - print_model - 112 - Model:
2024-07-20 00:05:38,400 - casbin.policy - INFO - model.py - print_model - 115 - r.r: sub, dom, obj, act
2024-07-20 00:05:38,400 - casbin.policy - INFO - model.py - print_model - 115 - p.p: sub, dom, obj, act
2024-07-20 00:05:38,400 - casbin.policy - INFO - model.py - print_model - 115 - e.e: some(where (p_eft == allow))
2024-07-20 00:05:38,400 - casbin.policy - INFO - model.py - print_model - 115 - m.m: r_sub == p_sub && r_dom == p_dom && regexMatch(r_obj, p_obj) && r_act == p_act
2024-07-20 00:05:38,400 - casbin.policy - INFO - policy.py - print_policy - 72 - Policy:
2024-07-20 00:05:38,400 - casbin.policy - INFO - policy.py - print_policy - 78 - p : sub, dom, obj, act : []
2024-07-20 00:12:05,659 - casbin.policy - INFO - model.py - print_model - 112 - Model:
2024-07-20 00:12:05,660 - casbin.policy - INFO - model.py - print_model - 115 - r.r: sub, dom, obj, act
2024-07-20 00:12:05,660 - casbin.policy - INFO - model.py - print_model - 115 - p.p: sub, dom, obj, act
2024-07-20 00:12:05,660 - casbin.policy - INFO - model.py - print_model - 115 - e.e: some(where (p_eft == allow))
2024-07-20 00:12:05,660 - casbin.policy - INFO - model.py - print_model - 115 - m.m: r_sub == p_sub && r_dom == p_dom && regexMatch(r_obj, p_obj) && r_act == p_act
2024-07-20 00:12:05,661 - casbin.policy - INFO - policy.py - print_policy - 72 - Policy:
2024-07-20 00:12:05,661 - casbin.policy - INFO - policy.py - print_policy - 78 - p : sub, dom, obj, act : []
2024-07-20 00:13:28,359 - casbin.policy - INFO - model.py - print_model - 112 - Model:
2024-07-20 00:13:28,359 - casbin.policy - INFO - model.py - print_model - 115 - r.r: sub, dom, obj, act
2024-07-20 00:13:28,359 - casbin.policy - INFO - model.py - print_model - 115 - p.p: sub, dom, obj, act
2024-07-20 00:13:28,359 - casbin.policy - INFO - model.py - print_model - 115 - e.e: some(where (p_eft == allow))
2024-07-20 00:13:28,359 - casbin.policy - INFO - model.py - print_model - 115 - m.m: r_sub == p_sub && r_dom == p_dom && regexMatch(r_obj, p_obj) && r_act == p_act
2024-07-20 00:13:28,360 - casbin.policy - INFO - policy.py - print_policy - 72 - Policy:
2024-07-20 00:13:28,360 - casbin.policy - INFO - policy.py - print_policy - 78 - p : sub, dom, obj, act : []
2024-07-20 00:13:36,895 - casbin.policy - INFO - model.py - print_model - 112 - Model:
2024-07-20 00:13:36,896 - casbin.policy - INFO - model.py - print_model - 115 - r.r: sub, dom, obj, act
2024-07-20 00:13:36,896 - casbin.policy - INFO - model.py - print_model - 115 - p.p: sub, dom, obj, act
2024-07-20 00:13:36,896 - casbin.policy - INFO - model.py - print_model - 115 - e.e: some(where (p_eft == allow))
2024-07-20 00:13:36,896 - casbin.policy - INFO - model.py - print_model - 115 - m.m: r_sub == p_sub && r_dom == p_dom && regexMatch(r_obj, p_obj) && r_act == p_act
2024-07-20 00:13:36,896 - casbin.policy - INFO - policy.py - print_policy - 72 - Policy:
2024-07-20 00:13:36,896 - casbin.policy - INFO - policy.py - print_policy - 78 - p : sub, dom, obj, act : []
2024-07-20 00:16:13,631 - casbin.policy - INFO - model.py - print_model - 112 - Model:
2024-07-20 00:16:13,631 - casbin.policy - INFO - model.py - print_model - 115 - r.r: sub, dom, obj, act
2024-07-20 00:16:13,631 - casbin.policy - INFO - model.py - print_model - 115 - p.p: sub, dom, obj, act
2024-07-20 00:16:13,631 - casbin.policy - INFO - model.py - print_model - 115 - e.e: some(where (p_eft == allow))
2024-07-20 00:16:13,632 - casbin.policy - INFO - model.py - print_model - 115 - m.m: r_sub == p_sub && r_dom == p_dom && regexMatch(r_obj, p_obj) && r_act == p_act
2024-07-20 00:16:13,632 - casbin.policy - INFO - policy.py - print_policy - 72 - Policy:
2024-07-20 00:16:13,632 - casbin.policy - INFO - policy.py - print_policy - 78 - p : sub, dom, obj, act : []
2024-07-20 00:16:36,686 - casbin.policy - INFO - model.py - print_model - 112 - Model:
2024-07-20 00:16:36,687 - casbin.policy - INFO - model.py - print_model - 115 - r.r: sub, dom, obj, act
2024-07-20 00:16:36,687 - casbin.policy - INFO - model.py - print_model - 115 - p.p: sub, dom, obj, act
2024-07-20 00:16:36,687 - casbin.policy - INFO - model.py - print_model - 115 - e.e: some(where (p_eft == allow))
2024-07-20 00:16:36,687 - casbin.policy - INFO - model.py - print_model - 115 - m.m: r_sub == p_sub && r_dom == p_dom && regexMatch(r_obj, p_obj) && r_act == p_act
2024-07-20 00:16:36,688 - casbin.policy - INFO - policy.py - print_policy - 72 - Policy:
2024-07-20 00:16:36,688 - casbin.policy - INFO - policy.py - print_policy - 78 - p : sub, dom, obj, act : []
2024-07-20 00:17:33,191 - casbin.policy - INFO - model.py - print_model - 112 - Model:
2024-07-20 00:17:33,191 - casbin.policy - INFO - model.py - print_model - 115 - r.r: sub, dom, obj, act
2024-07-20 00:17:33,191 - casbin.policy - INFO - model.py - print_model - 115 - p.p: sub, dom, obj, act
2024-07-20 00:17:33,191 - casbin.policy - INFO - model.py - print_model - 115 - e.e: some(where (p_eft == allow))
2024-07-20 00:17:33,191 - casbin.policy - INFO - model.py - print_model - 115 - m.m: r_sub == p_sub && r_dom == p_dom && regexMatch(r_obj, p_obj) && r_act == p_act
2024-07-20 00:17:33,192 - casbin.policy - INFO - policy.py - print_policy - 72 - Policy:
2024-07-20 00:17:33,192 - casbin.policy - INFO - policy.py - print_policy - 78 - p : sub, dom, obj, act : []
2024-07-20 00:26:42,043 - casbin.policy - INFO - model.py - print_model - 112 - Model:
2024-07-20 00:26:42,044 - casbin.policy - INFO - model.py - print_model - 115 - r.r: sub, dom, obj, act
2024-07-20 00:26:42,044 - casbin.policy - INFO - model.py - print_model - 115 - p.p: sub, dom, obj, act
2024-07-20 00:26:42,044 - casbin.policy - INFO - model.py - print_model - 115 - e.e: some(where (p_eft == allow))
2024-07-20 00:26:42,044 - casbin.policy - INFO - model.py - print_model - 115 - m.m: r_sub == p_sub && r_dom == p_dom && regexMatch(r_obj, p_obj) && r_act == p_act
2024-07-20 00:26:42,044 - casbin.policy - INFO - policy.py - print_policy - 72 - Policy:
2024-07-20 00:26:42,045 - casbin.policy - INFO - policy.py - print_policy - 78 - p : sub, dom, obj, act : []
2024-07-20 00:28:27,376 - casbin.policy - INFO - model.py - print_model - 112 - Model:
2024-07-20 00:28:27,376 - casbin.policy - INFO - model.py - print_model - 115 - r.r: sub, dom, obj, act
2024-07-20 00:28:27,376 - casbin.policy - INFO - model.py - print_model - 115 - p.p: sub, dom, obj, act
2024-07-20 00:28:27,376 - casbin.policy - INFO - model.py - print_model - 115 - e.e: some(where (p_eft == allow))
2024-07-20 00:28:27,376 - casbin.policy - INFO - model.py - print_model - 115 - m.m: r_sub == p_sub && r_dom == p_dom && regexMatch(r_obj, p_obj) && r_act == p_act
2024-07-20 00:28:27,377 - casbin.policy - INFO - policy.py - print_policy - 72 - Policy:
2024-07-20 00:28:27,377 - casbin.policy - INFO - policy.py - print_policy - 78 - p : sub, dom, obj, act : []
2024-07-20 00:30:48,494 - casbin.policy - INFO - model.py - print_model - 112 - Model:
2024-07-20 00:30:48,494 - casbin.policy - INFO - model.py - print_model - 115 - r.r: sub, dom, obj, act
2024-07-20 00:30:48,494 - casbin.policy - INFO - model.py - print_model - 115 - p.p: sub, dom, obj, act
2024-07-20 00:30:48,494 - casbin.policy - INFO - model.py - print_model - 115 - e.e: some(where (p_eft == allow))
2024-07-20 00:30:48,495 - casbin.policy - INFO - model.py - print_model - 115 - m.m: r_sub == p_sub && r_dom == p_dom && regexMatch(r_obj, p_obj) && r_act == p_act
2024-07-20 00:30:48,495 - casbin.policy - INFO - policy.py - print_policy - 72 - Policy:
2024-07-20 00:30:48,495 - casbin.policy - INFO - policy.py - print_policy - 78 - p : sub, dom, obj, act : []
2024-07-20 00:39:21,883 - casbin.policy - INFO - model.py - print_model - 112 - Model:
2024-07-20 00:39:21,884 - casbin.policy - INFO - model.py - print_model - 115 - r.r: sub, dom, obj, act
2024-07-20 00:39:21,884 - casbin.policy - INFO - model.py - print_model - 115 - p.p: sub, dom, obj, act
2024-07-20 00:39:21,884 - casbin.policy - INFO - model.py - print_model - 115 - e.e: some(where (p_eft == allow))
2024-07-20 00:39:21,884 - casbin.policy - INFO - model.py - print_model - 115 - m.m: r_sub == p_sub && r_dom == p_dom && regexMatch(r_obj, p_obj) && r_act == p_act
2024-07-20 00:39:21,884 - casbin.policy - INFO - policy.py - print_policy - 72 - Policy:
2024-07-20 00:39:21,885 - casbin.policy - INFO - policy.py - print_policy - 78 - p : sub, dom, obj, act : []
2024-07-20 00:45:48,382 - casbin.policy - INFO - model.py - print_model - 112 - Model:
2024-07-20 00:45:48,383 - casbin.policy - INFO - model.py - print_model - 115 - r.r: sub, dom, obj, act
2024-07-20 00:45:48,383 - casbin.policy - INFO - model.py - print_model - 115 - p.p: sub, dom, obj, act
2024-07-20 00:45:48,383 - casbin.policy - INFO - model.py - print_model - 115 - e.e: some(where (p_eft == allow))
2024-07-20 00:45:48,383 - casbin.policy - INFO - model.py - print_model - 115 - m.m: r_sub == p_sub && r_dom == p_dom && regexMatch(r_obj, p_obj) && r_act == p_act
2024-07-20 00:45:48,383 - casbin.policy - INFO - policy.py - print_policy - 72 - Policy:
2024-07-20 00:45:48,383 - casbin.policy - INFO - policy.py - print_policy - 78 - p : sub, dom, obj, act : []
2024-07-20 00:46:01,479 - casbin.policy - INFO - model.py - print_model - 112 - Model:
2024-07-20 00:46:01,479 - casbin.policy - INFO - model.py - print_model - 115 - r.r: sub, dom, obj, act
2024-07-20 00:46:01,479 - casbin.policy - INFO - model.py - print_model - 115 - p.p: sub, dom, obj, act
2024-07-20 00:46:01,479 - casbin.policy - INFO - model.py - print_model - 115 - e.e: some(where (p_eft == allow))
2024-07-20 00:46:01,479 - casbin.policy - INFO - model.py - print_model - 115 - m.m: r_sub == p_sub && r_dom == p_dom && regexMatch(r_obj, p_obj) && r_act == p_act
2024-07-20 00:46:01,480 - casbin.policy - INFO - policy.py - print_policy - 72 - Policy:
2024-07-20 00:46:01,480 - casbin.policy - INFO - policy.py - print_policy - 78 - p : sub, dom, obj, act : []
2024-07-20 00:46:58,839 - casbin.policy - INFO - model.py - print_model - 112 - Model:
2024-07-20 00:46:58,839 - casbin.policy - INFO - model.py - print_model - 115 - r.r: sub, dom, obj, act
2024-07-20 00:46:58,839 - casbin.policy - INFO - model.py - print_model - 115 - p.p: sub, dom, obj, act
2024-07-20 00:46:58,839 - casbin.policy - INFO - model.py - print_model - 115 - e.e: some(where (p_eft == allow))
2024-07-20 00:46:58,839 - casbin.policy - INFO - model.py - print_model - 115 - m.m: r_sub == p_sub && r_dom == p_dom && regexMatch(r_obj, p_obj) && r_act == p_act
2024-07-20 00:46:58,840 - casbin.policy - INFO - policy.py - print_policy - 72 - Policy:
2024-07-20 00:46:58,840 - casbin.policy - INFO - policy.py - print_policy - 78 - p : sub, dom, obj, act : []
2024-07-20 00:48:48,090 - casbin.policy - INFO - model.py - print_model - 112 - Model:
2024-07-20 00:48:48,091 - casbin.policy - INFO - model.py - print_model - 115 - r.r: sub, dom, obj, act
2024-07-20 00:48:48,091 - casbin.policy - INFO - model.py - print_model - 115 - p.p: sub, dom, obj, act
2024-07-20 00:48:48,091 - casbin.policy - INFO - model.py - print_model - 115 - e.e: some(where (p_eft == allow))
2024-07-20 00:48:48,091 - casbin.policy - INFO - model.py - print_model - 115 - m.m: r_sub == p_sub && r_dom == p_dom && regexMatch(r_obj, p_obj) && r_act == p_act
2024-07-20 00:48:48,092 - casbin.policy - INFO - policy.py - print_policy - 72 - Policy:
2024-07-20 00:48:48,092 - casbin.policy - INFO - policy.py - print_policy - 78 - p : sub, dom, obj, act : []
2024-07-20 00:53:10,660 - casbin.policy - INFO - model.py - print_model - 112 - Model:
2024-07-20 00:53:10,660 - casbin.policy - INFO - model.py - print_model - 115 - r.r: sub, dom, obj, act
2024-07-20 00:53:10,660 - casbin.policy - INFO - model.py - print_model - 115 - p.p: sub, dom, obj, act
2024-07-20 00:53:10,661 - casbin.policy - INFO - model.py - print_model - 115 - e.e: some(where (p_eft == allow))
2024-07-20 00:53:10,661 - casbin.policy - INFO - model.py - print_model - 115 - m.m: r_sub == p_sub && r_dom == p_dom && regexMatch(r_obj, p_obj) && r_act == p_act
2024-07-20 00:53:10,662 - casbin.policy - INFO - policy.py - print_policy - 72 - Policy:
2024-07-20 00:53:10,662 - casbin.policy - INFO - policy.py - print_policy - 78 - p : sub, dom, obj, act : []
2024-07-20 00:55:12,255 - casbin.policy - INFO - model.py - print_model - 112 - Model:
2024-07-20 00:55:12,255 - casbin.policy - INFO - model.py - print_model - 115 - r.r: sub, dom, obj, act
2024-07-20 00:55:12,256 - casbin.policy - INFO - model.py - print_model - 115 - p.p: sub, dom, obj, act
2024-07-20 00:55:12,256 - casbin.policy - INFO - model.py - print_model - 115 - e.e: some(where (p_eft == allow))
2024-07-20 00:55:12,256 - casbin.policy - INFO - model.py - print_model - 115 - m.m: r_sub == p_sub && r_dom == p_dom && regexMatch(r_obj, p_obj) && r_act == p_act
2024-07-20 00:55:12,257 - casbin.policy - INFO - policy.py - print_policy - 72 - Policy:
2024-07-20 00:55:12,257 - casbin.policy - INFO - policy.py - print_policy - 78 - p : sub, dom, obj, act : []
2024-07-20 00:59:10,878 - casbin.policy - INFO - model.py - print_model - 112 - Model:
2024-07-20 00:59:10,878 - casbin.policy - INFO - model.py - print_model - 115 - r.r: sub, dom, obj, act
2024-07-20 00:59:10,879 - casbin.policy - INFO - model.py - print_model - 115 - p.p: sub, dom, obj, act
2024-07-20 00:59:10,879 - casbin.policy - INFO - model.py - print_model - 115 - e.e: some(where (p_eft == allow))
2024-07-20 00:59:10,879 - casbin.policy - INFO - model.py - print_model - 115 - m.m: r_sub == p_sub && r_dom == p_dom && regexMatch(r_obj, p_obj) && r_act == p_act
2024-07-20 00:59:10,880 - casbin.policy - INFO - policy.py - print_policy - 72 - Policy:
2024-07-20 00:59:10,880 - casbin.policy - INFO - policy.py - print_policy - 78 - p : sub, dom, obj, act : []
2024-07-20 01:28:32,127 - casbin.policy - INFO - model.py - print_model - 112 - Model:
2024-07-20 01:28:32,127 - casbin.policy - INFO - model.py - print_model - 115 - r.r: sub, dom, obj, act
2024-07-20 01:28:32,127 - casbin.policy - INFO - model.py - print_model - 115 - p.p: sub, dom, obj, act
2024-07-20 01:28:32,127 - casbin.policy - INFO - model.py - print_model - 115 - e.e: some(where (p_eft == allow))
2024-07-20 01:28:32,128 - casbin.policy - INFO - model.py - print_model - 115 - m.m: r_sub == p_sub && r_dom == p_dom && regexMatch(r_obj, p_obj) && r_act == p_act
2024-07-20 01:28:32,129 - casbin.policy - INFO - policy.py - print_policy - 72 - Policy:
2024-07-20 01:28:32,129 - casbin.policy - INFO - policy.py - print_policy - 78 - p : sub, dom, obj, act : []
2024-07-20 02:31:19,602 - casbin.policy - INFO - model.py - print_model - 112 - Model:
2024-07-20 02:31:19,651 - casbin.policy - INFO - model.py - print_model - 115 - r.r: sub, dom, obj, act
2024-07-20 02:31:19,651 - casbin.policy - INFO - model.py - print_model - 115 - p.p: sub, dom, obj, act
2024-07-20 02:31:19,651 - casbin.policy - INFO - model.py - print_model - 115 - e.e: some(where (p_eft == allow))
2024-07-20 02:31:19,652 - casbin.policy - INFO - model.py - print_model - 115 - m.m: r_sub == p_sub && r_dom == p_dom && regexMatch(r_obj, p_obj) && r_act == p_act
2024-07-20 02:31:19,653 - casbin.policy - INFO - policy.py - print_policy - 72 - Policy:
2024-07-20 02:31:19,653 - casbin.policy - INFO - policy.py - print_policy - 78 - p : sub, dom, obj, act : []
2024-07-20 02:34:11,818 - casbin.policy - INFO - model.py - print_model - 112 - Model:
2024-07-20 02:34:11,819 - casbin.policy - INFO - model.py - print_model - 115 - r.r: sub, dom, obj, act
2024-07-20 02:34:11,819 - casbin.policy - INFO - model.py - print_model - 115 - p.p: sub, dom, obj, act
2024-07-20 02:34:11,819 - casbin.policy - INFO - model.py - print_model - 115 - e.e: some(where (p_eft == allow))
2024-07-20 02:34:11,819 - casbin.policy - INFO - model.py - print_model - 115 - m.m: r_sub == p_sub && r_dom == p_dom && regexMatch(r_obj, p_obj) && r_act == p_act
2024-07-20 02:34:11,820 - casbin.policy - INFO - policy.py - print_policy - 72 - Policy:
2024-07-20 02:34:11,821 - casbin.policy - INFO - policy.py - print_policy - 78 - p : sub, dom, obj, act : []
2024-07-20 02:36:27,379 - casbin.policy - INFO - model.py - print_model - 112 - Model:
2024-07-20 02:36:27,379 - casbin.policy - INFO - model.py - print_model - 115 - r.r: sub, dom, obj, act
2024-07-20 02:36:27,379 - casbin.policy - INFO - model.py - print_model - 115 - p.p: sub, dom, obj, act
2024-07-20 02:36:27,379 - casbin.policy - INFO - model.py - print_model - 115 - e.e: some(where (p_eft == allow))
2024-07-20 02:36:27,380 - casbin.policy - INFO - model.py - print_model - 115 - m.m: r_sub == p_sub && r_dom == p_dom && regexMatch(r_obj, p_obj) && r_act == p_act
2024-07-20 02:36:27,380 - casbin.policy - INFO - policy.py - print_policy - 72 - Policy:
2024-07-20 02:36:27,380 - casbin.policy - INFO - policy.py - print_policy - 78 - p : sub, dom, obj, act : []
2024-07-20 02:38:24,852 - casbin.policy - INFO - model.py - print_model - 112 - Model:
2024-07-20 02:38:24,852 - casbin.policy - INFO - model.py - print_model - 115 - r.r: sub, dom, obj, act
2024-07-20 02:38:24,852 - casbin.policy - INFO - model.py - print_model - 115 - p.p: sub, dom, obj, act
2024-07-20 02:38:24,852 - casbin.policy - INFO - model.py - print_model - 115 - e.e: some(where (p_eft == allow))
2024-07-20 02:38:24,852 - casbin.policy - INFO - model.py - print_model - 115 - m.m: r_sub == p_sub && r_dom == p_dom && regexMatch(r_obj, p_obj) && r_act == p_act
2024-07-20 02:38:24,853 - casbin.policy - INFO - policy.py - print_policy - 72 - Policy:
2024-07-20 02:38:24,853 - casbin.policy - INFO - policy.py - print_policy - 78 - p : sub, dom, obj, act : []
2024-07-20 02:40:25,174 - casbin.policy - INFO - model.py - print_model - 112 - Model:
2024-07-20 02:40:25,174 - casbin.policy - INFO - model.py - print_model - 115 - r.r: sub, dom, obj, act
2024-07-20 02:40:25,174 - casbin.policy - INFO - model.py - print_model - 115 - p.p: sub, dom, obj, act
2024-07-20 02:40:25,174 - casbin.policy - INFO - model.py - print_model - 115 - e.e: some(where (p_eft == allow))
2024-07-20 02:40:25,175 - casbin.policy - INFO - model.py - print_model - 115 - m.m: r_sub == p_sub && r_dom == p_dom && regexMatch(r_obj, p_obj) && r_act == p_act
2024-07-20 02:40:25,175 - casbin.policy - INFO - policy.py - print_policy - 72 - Policy:
2024-07-20 02:40:25,175 - casbin.policy - INFO - policy.py - print_policy - 78 - p : sub, dom, obj, act : []
2024-07-20 11:51:40,981 - casbin.policy - INFO - model.py - print_model - 112 - Model:
2024-07-20 11:51:40,982 - casbin.policy - INFO - model.py - print_model - 115 - r.r: sub, dom, obj, act
2024-07-20 11:51:40,982 - casbin.policy - INFO - model.py - print_model - 115 - p.p: sub, dom, obj, act
2024-07-20 11:51:40,982 - casbin.policy - INFO - model.py - print_model - 115 - e.e: some(where (p_eft == allow))
2024-07-20 11:51:40,982 - casbin.policy - INFO - model.py - print_model - 115 - m.m: r_sub == p_sub && r_dom == p_dom && regexMatch(r_obj, p_obj) && r_act == p_act
2024-07-20 11:51:40,982 - casbin.policy - INFO - policy.py - print_policy - 72 - Policy:
2024-07-20 11:51:40,983 - casbin.policy - INFO - policy.py - print_policy - 78 - p : sub, dom, obj, act : []
2024-07-23 11:50:54,698 - casbin.policy - INFO - model.py - print_model - 112 - Model:
2024-07-23 11:50:54,699 - casbin.policy - INFO - model.py - print_model - 115 - r.r: sub, dom, obj, act
2024-07-23 11:50:54,699 - casbin.policy - INFO - model.py - print_model - 115 - p.p: sub, dom, obj, act
2024-07-23 11:50:54,699 - casbin.policy - INFO - model.py - print_model - 115 - e.e: some(where (p_eft == allow))
2024-07-23 11:50:54,699 - casbin.policy - INFO - model.py - print_model - 115 - m.m: r_sub == p_sub && r_dom == p_dom && regexMatch(r_obj, p_obj) && r_act == p_act
2024-07-23 11:50:54,700 - casbin.policy - INFO - policy.py - print_policy - 72 - Policy:
2024-07-23 11:50:54,700 - casbin.policy - INFO - policy.py - print_policy - 78 - p : sub, dom, obj, act : []
2024-07-23 11:51:22,341 - casbin.policy - INFO - model.py - print_model - 112 - Model:
2024-07-23 11:51:22,342 - casbin.policy - INFO - model.py - print_model - 115 - r.r: sub, dom, obj, act
2024-07-23 11:51:22,342 - casbin.policy - INFO - model.py - print_model - 115 - p.p: sub, dom, obj, act
2024-07-23 11:51:22,342 - casbin.policy - INFO - model.py - print_model - 115 - e.e: some(where (p_eft == allow))
2024-07-23 11:51:22,342 - casbin.policy - INFO - model.py - print_model - 115 - m.m: r_sub == p_sub && r_dom == p_dom && regexMatch(r_obj, p_obj) && r_act == p_act
2024-07-23 11:51:22,342 - casbin.policy - INFO - policy.py - print_policy - 72 - Policy:
2024-07-23 11:51:22,343 - casbin.policy - INFO - policy.py - print_policy - 78 - p : sub, dom, obj, act : []
2024-07-23 11:53:56,310 - casbin.policy - INFO - model.py - print_model - 112 - Model:
2024-07-23 11:53:56,310 - casbin.policy - INFO - model.py - print_model - 115 - r.r: sub, dom, obj, act
2024-07-23 11:53:56,310 - casbin.policy - INFO - model.py - print_model - 115 - p.p: sub, dom, obj, act
2024-07-23 11:53:56,310 - casbin.policy - INFO - model.py - print_model - 115 - e.e: some(where (p_eft == allow))
2024-07-23 11:53:56,311 - casbin.policy - INFO - model.py - print_model - 115 - m.m: r_sub == p_sub && r_dom == p_dom && regexMatch(r_obj, p_obj) && r_act == p_act
2024-07-23 11:53:56,311 - casbin.policy - INFO - policy.py - print_policy - 72 - Policy:
2024-07-23 11:53:56,311 - casbin.policy - INFO - policy.py - print_policy - 78 - p : sub, dom, obj, act : []
